example/android/app/build/intermediates/manifest_merge_blame_file/debug/manifest-merger-blame-debug-report.txt
1<?xml version="1.0" encoding="utf-8"?>
2<manifest xmlns:android="http://schemas.android.com/apk/res/android"
3    package="com.heychargesdkexample"
4    android:versionCode="1"
5    android:versionName="1.0" >
6
7    <uses-sdk
8        android:minSdkVersion="23"
9        android:targetSdkVersion="33" />
10
11    <uses-permission android:name="android.permission.SYSTEM_ALERT_WINDOW" />
11-->src/debug/AndroidManifest.xml:5:5-77
11-->src/debug/AndroidManifest.xml:5:22-75
12    <uses-permission android:name="android.permission.INTERNET" />
12-->src/main/AndroidManifest.xml:4:5-67
12-->src/main/AndroidManifest.xml:4:22-64
13    <uses-permission android:name="android.permission.ACCESS_WIFI_STATE" />
13-->[com.facebook.flipper:flipper:0.125.0] AndroidManifest.xml:16:5-76
13-->[com.facebook.flipper:flipper:0.125.0] AndroidManifest.xml:16:22-73
14    <uses-permission android:name="android.permission.BLUETOOTH_CONNECT" />
14-->[com.heycharge:android-sdk:0.0.0.4] AndroidManifest.xml:9:5-76
14-->[com.heycharge:android-sdk:0.0.0.4] AndroidManifest.xml:9:22-73
15    <uses-permission android:name="android.permission.BLUETOOTH_SCAN" />
15-->[com.heycharge:android-sdk:0.0.0.4] AndroidManifest.xml:10:5-73
15-->[com.heycharge:android-sdk:0.0.0.4] AndroidManifest.xml:10:22-70
16    <uses-permission android:name="android.permission.ACCESS_COARSE_LOCATION" />
16-->[com.heycharge:android-sdk:0.0.0.4] AndroidManifest.xml:11:5-81
16-->[com.heycharge:android-sdk:0.0.0.4] AndroidManifest.xml:11:22-78
17    <uses-permission android:name="android.permission.ACCESS_FINE_LOCATION" />
17-->[com.heycharge:android-sdk:0.0.0.4] AndroidManifest.xml:12:5-79
17-->[com.heycharge:android-sdk:0.0.0.4] AndroidManifest.xml:12:22-76
18    <uses-permission android:name="android.permission.BLUETOOTH" />
18-->[com.heycharge:android-sdk:0.0.0.4] AndroidManifest.xml:14:5-68
18-->[com.heycharge:android-sdk:0.0.0.4] AndroidManifest.xml:14:22-65
19    <uses-permission android:name="android.permission.WAKE_LOCK" />
19-->[androidx.work:work-runtime:2.7.1] AndroidManifest.xml:25:5-68
19-->[androidx.work:work-runtime:2.7.1] AndroidManifest.xml:25:22-65
20    <uses-permission android:name="android.permission.ACCESS_NETWORK_STATE" />
20-->[androidx.work:work-runtime:2.7.1] AndroidManifest.xml:26:5-79
20-->[androidx.work:work-runtime:2.7.1] AndroidManifest.xml:26:22-76
21    <uses-permission android:name="android.permission.RECEIVE_BOOT_COMPLETED" />
21-->[androidx.work:work-runtime:2.7.1] AndroidManifest.xml:27:5-81
21-->[androidx.work:work-runtime:2.7.1] AndroidManifest.xml:27:22-78
22    <uses-permission android:name="android.permission.FOREGROUND_SERVICE" />
22-->[androidx.work:work-runtime:2.7.1] AndroidManifest.xml:28:5-77
22-->[androidx.work:work-runtime:2.7.1] AndroidManifest.xml:28:22-74
23
24    <permission
24-->[androidx.core:core:1.9.0] AndroidManifest.xml:22:5-24:47
25        android:name="com.heychargesdkexample.DYNAMIC_RECEIVER_NOT_EXPORTED_PERMISSION"
25-->[androidx.core:core:1.9.0] AndroidManifest.xml:23:9-81
26        android:protectionLevel="signature" />
26-->[androidx.core:core:1.9.0] AndroidManifest.xml:24:9-44
27
28    <uses-permission android:name="com.heychargesdkexample.DYNAMIC_RECEIVER_NOT_EXPORTED_PERMISSION" />
28-->[androidx.core:core:1.9.0] AndroidManifest.xml:26:5-97
28-->[androidx.core:core:1.9.0] AndroidManifest.xml:26:22-94
29
30    <application
30-->src/main/AndroidManifest.xml:6:5-25:19
31        android:name="com.heychargesdkexample.MainApplication"
31-->src/main/AndroidManifest.xml:7:7-38
32        android:allowBackup="false"
32-->src/main/AndroidManifest.xml:11:7-34
33        android:appComponentFactory="androidx.core.app.CoreComponentFactory"
33-->[androidx.core:core:1.9.0] AndroidManifest.xml:28:18-86
34        android:debuggable="true"
35        android:extractNativeLibs="false"
36        android:icon="@mipmap/ic_launcher"
36-->src/main/AndroidManifest.xml:9:7-41
37        android:label="@string/app_name"
37-->src/main/AndroidManifest.xml:8:7-39
38        android:roundIcon="@mipmap/ic_launcher_round"
38-->src/main/AndroidManifest.xml:10:7-52
39        android:testOnly="true"
40        android:theme="@style/AppTheme"
40-->src/main/AndroidManifest.xml:12:7-38
41        android:usesCleartextTraffic="true" >
41-->src/debug/AndroidManifest.xml:8:9-44
42        <activity
42-->src/debug/AndroidManifest.xml:11:9-111
43            android:name="com.facebook.react.devsupport.DevSettingsActivity"
43-->src/debug/AndroidManifest.xml:11:19-83
44            android:exported="false" />
44-->src/debug/AndroidManifest.xml:11:84-108
45        <activity
45-->src/main/AndroidManifest.xml:13:7-24:18
46            android:name="com.heychargesdkexample.MainActivity"
46-->src/main/AndroidManifest.xml:14:9-37
47            android:configChanges="keyboard|keyboardHidden|orientation|screenLayout|screenSize|smallestScreenSize|uiMode"
47-->src/main/AndroidManifest.xml:16:9-118
48            android:exported="true"
48-->src/main/AndroidManifest.xml:19:9-32
49            android:label="@string/app_name"
49-->src/main/AndroidManifest.xml:15:9-41
50            android:launchMode="singleTask"
50-->src/main/AndroidManifest.xml:17:9-40
51            android:windowSoftInputMode="adjustResize" >
51-->src/main/AndroidManifest.xml:18:9-51
52            <intent-filter>
52-->src/main/AndroidManifest.xml:20:9-23:25
53                <action android:name="android.intent.action.MAIN" />
53-->src/main/AndroidManifest.xml:21:13-65
53-->src/main/AndroidManifest.xml:21:21-62
54
55                <category android:name="android.intent.category.LAUNCHER" />
55-->src/main/AndroidManifest.xml:22:13-73
55-->src/main/AndroidManifest.xml:22:23-70
56            </intent-filter>
57        </activity>
58
59        <provider
59-->[androidx.work:work-runtime:2.7.1] AndroidManifest.xml:31:9-39:20
60            android:name="androidx.startup.InitializationProvider"
60-->[androidx.work:work-runtime:2.7.1] AndroidManifest.xml:32:13-67
61            android:authorities="com.heychargesdkexample.androidx-startup"
61-->[androidx.work:work-runtime:2.7.1] AndroidManifest.xml:33:13-68
62            android:exported="false" >
62-->[androidx.work:work-runtime:2.7.1] AndroidManifest.xml:34:13-37
63            <meta-data
63-->[androidx.work:work-runtime:2.7.1] AndroidManifest.xml:36:13-38:52
64                android:name="androidx.work.WorkManagerInitializer"
64-->[androidx.work:work-runtime:2.7.1] AndroidManifest.xml:37:17-68
65                android:value="androidx.startup" />
65-->[androidx.work:work-runtime:2.7.1] AndroidManifest.xml:38:17-49
66            <meta-data
66-->[androidx.emoji2:emoji2:1.0.0] AndroidManifest.xml:31:13-33:52
67                android:name="androidx.emoji2.text.EmojiCompatInitializer"
67-->[androidx.emoji2:emoji2:1.0.0] AndroidManifest.xml:32:17-75
68                android:value="androidx.startup" />
68-->[androidx.emoji2:emoji2:1.0.0] AndroidManifest.xml:33:17-49
69            <meta-data
69-->[androidx.lifecycle:lifecycle-process:2.4.0] AndroidManifest.xml:31:13-33:52
70                android:name="androidx.lifecycle.ProcessLifecycleInitializer"
70-->[androidx.lifecycle:lifecycle-process:2.4.0] AndroidManifest.xml:32:17-78
71                android:value="androidx.startup" />
71-->[androidx.lifecycle:lifecycle-process:2.4.0] AndroidManifest.xml:33:17-49
72        </provider>
73
74        <service
74-->[androidx.work:work-runtime:2.7.1] AndroidManifest.xml:41:9-46:35
75            android:name="androidx.work.impl.background.systemalarm.SystemAlarmService"
75-->[androidx.work:work-runtime:2.7.1] AndroidManifest.xml:42:13-88
76            android:directBootAware="false"
76-->[androidx.work:work-runtime:2.7.1] AndroidManifest.xml:43:13-44
77            android:enabled="@bool/enable_system_alarm_service_default"
77-->[androidx.work:work-runtime:2.7.1] AndroidManifest.xml:44:13-72
78            android:exported="false" />
78-->[androidx.work:work-runtime:2.7.1] AndroidManifest.xml:45:13-37
79        <service
79-->[androidx.work:work-runtime:2.7.1] AndroidManifest.xml:47:9-53:35
80            android:name="androidx.work.impl.background.systemjob.SystemJobService"
80-->[androidx.work:work-runtime:2.7.1] AndroidManifest.xml:48:13-84
81            android:directBootAware="false"
81-->[androidx.work:work-runtime:2.7.1] AndroidManifest.xml:49:13-44
82            android:enabled="@bool/enable_system_job_service_default"
82-->[androidx.work:work-runtime:2.7.1] AndroidManifest.xml:50:13-70
83            android:exported="true"
83-->[androidx.work:work-runtime:2.7.1] AndroidManifest.xml:51:13-36
84            android:permission="android.permission.BIND_JOB_SERVICE" />
84-->[androidx.work:work-runtime:2.7.1] AndroidManifest.xml:52:13-69
85        <service
85-->[androidx.work:work-runtime:2.7.1] AndroidManifest.xml:54:9-59:35
86            android:name="androidx.work.impl.foreground.SystemForegroundService"
86-->[androidx.work:work-runtime:2.7.1] AndroidManifest.xml:55:13-81
87            android:directBootAware="false"
87-->[androidx.work:work-runtime:2.7.1] AndroidManifest.xml:56:13-44
88            android:enabled="@bool/enable_system_foreground_service_default"
88-->[androidx.work:work-runtime:2.7.1] AndroidManifest.xml:57:13-77
89            android:exported="false" />
89-->[androidx.work:work-runtime:2.7.1] AndroidManifest.xml:58:13-37
90
91        <receiver
91-->[androidx.work:work-runtime:2.7.1] AndroidManifest.xml:61:9-66:35
92            android:name="androidx.work.impl.utils.ForceStopRunnable$BroadcastReceiver"
92-->[androidx.work:work-runtime:2.7.1] AndroidManifest.xml:62:13-88
93            android:directBootAware="false"
93-->[androidx.work:work-runtime:2.7.1] AndroidManifest.xml:63:13-44
94            android:enabled="true"
94-->[androidx.work:work-runtime:2.7.1] AndroidManifest.xml:64:13-35
95            android:exported="false" />
95-->[androidx.work:work-runtime:2.7.1] AndroidManifest.xml:65:13-37
96        <receiver
96-->[androidx.work:work-runtime:2.7.1] AndroidManifest.xml:67:9-77:20
97            android:name="androidx.work.impl.background.systemalarm.ConstraintProxy$BatteryChargingProxy"
97-->[androidx.work:work-runtime:2.7.1] AndroidManifest.xml:68:13-106
98            android:directBootAware="false"
98-->[androidx.work:work-runtime:2.7.1] AndroidManifest.xml:69:13-44
99            android:enabled="false"
99-->[androidx.work:work-runtime:2.7.1] AndroidManifest.xml:70:13-36
100            android:exported="false" >
100-->[androidx.work:work-runtime:2.7.1] AndroidManifest.xml:71:13-37
101            <intent-filter>
101-->[androidx.work:work-runtime:2.7.1] AndroidManifest.xml:73:13-76:29
102                <action android:name="android.intent.action.ACTION_POWER_CONNECTED" />
102-->[androidx.work:work-runtime:2.7.1] AndroidManifest.xml:74:17-87
102-->[androidx.work:work-runtime:2.7.1] AndroidManifest.xml:74:25-84
103                <action android:name="android.intent.action.ACTION_POWER_DISCONNECTED" />
103-->[androidx.work:work-runtime:2.7.1] AndroidManifest.xml:75:17-90
103-->[androidx.work:work-runtime:2.7.1] AndroidManifest.xml:75:25-87
104            </intent-filter>
105        </receiver>
106        <receiver
106-->[androidx.work:work-runtime:2.7.1] AndroidManifest.xml:78:9-88:20
107            android:name="androidx.work.impl.background.systemalarm.ConstraintProxy$BatteryNotLowProxy"
107-->[androidx.work:work-runtime:2.7.1] AndroidManifest.xml:79:13-104
108            android:directBootAware="false"
108-->[androidx.work:work-runtime:2.7.1] AndroidManifest.xml:80:13-44
109            android:enabled="false"
109-->[androidx.work:work-runtime:2.7.1] AndroidManifest.xml:81:13-36
110            android:exported="false" >
110-->[androidx.work:work-runtime:2.7.1] AndroidManifest.xml:82:13-37
111            <intent-filter>
111-->[androidx.work:work-runtime:2.7.1] AndroidManifest.xml:84:13-87:29
112                <action android:name="android.intent.action.BATTERY_OKAY" />
112-->[androidx.work:work-runtime:2.7.1] AndroidManifest.xml:85:17-77
112-->[androidx.work:work-runtime:2.7.1] AndroidManifest.xml:85:25-74
113                <action android:name="android.intent.action.BATTERY_LOW" />
113-->[androidx.work:work-runtime:2.7.1] AndroidManifest.xml:86:17-76
113-->[androidx.work:work-runtime:2.7.1] AndroidManifest.xml:86:25-73
114            </intent-filter>
115        </receiver>
116        <receiver
116-->[androidx.work:work-runtime:2.7.1] AndroidManifest.xml:89:9-99:20
117            android:name="androidx.work.impl.background.systemalarm.ConstraintProxy$StorageNotLowProxy"
117-->[androidx.work:work-runtime:2.7.1] AndroidManifest.xml:90:13-104
118            android:directBootAware="false"
118-->[androidx.work:work-runtime:2.7.1] AndroidManifest.xml:91:13-44
119            android:enabled="false"
119-->[androidx.work:work-runtime:2.7.1] AndroidManifest.xml:92:13-36
120            android:exported="false" >
120-->[androidx.work:work-runtime:2.7.1] AndroidManifest.xml:93:13-37
121            <intent-filter>
121-->[androidx.work:work-runtime:2.7.1] AndroidManifest.xml:95:13-98:29
122                <action android:name="android.intent.action.DEVICE_STORAGE_LOW" />
122-->[androidx.work:work-runtime:2.7.1] AndroidManifest.xml:96:17-83
122-->[androidx.work:work-runtime:2.7.1] AndroidManifest.xml:96:25-80
123                <action android:name="android.intent.action.DEVICE_STORAGE_OK" />
123-->[androidx.work:work-runtime:2.7.1] AndroidManifest.xml:97:17-82
123-->[androidx.work:work-runtime:2.7.1] AndroidManifest.xml:97:25-79
124            </intent-filter>
125        </receiver>
126        <receiver
126-->[androidx.work:work-runtime:2.7.1] AndroidManifest.xml:100:9-109:20
127            android:name="androidx.work.impl.background.systemalarm.ConstraintProxy$NetworkStateProxy"
127-->[androidx.work:work-runtime:2.7.1] AndroidManifest.xml:101:13-103
128            android:directBootAware="false"
128-->[androidx.work:work-runtime:2.7.1] AndroidManifest.xml:102:13-44
129            android:enabled="false"
129-->[androidx.work:work-runtime:2.7.1] AndroidManifest.xml:103:13-36
130            android:exported="false" >
130-->[androidx.work:work-runtime:2.7.1] AndroidManifest.xml:104:13-37
131            <intent-filter>
131-->[androidx.work:work-runtime:2.7.1] AndroidManifest.xml:106:13-108:29
132                <action android:name="android.net.conn.CONNECTIVITY_CHANGE" />
132-->[androidx.work:work-runtime:2.7.1] AndroidManifest.xml:107:17-79
132-->[androidx.work:work-runtime:2.7.1] AndroidManifest.xml:107:25-76
133            </intent-filter>
134        </receiver>
135        <receiver
135-->[androidx.work:work-runtime:2.7.1] AndroidManifest.xml:110:9-121:20
136            android:name="androidx.work.impl.background.systemalarm.RescheduleReceiver"
136-->[androidx.work:work-runtime:2.7.1] AndroidManifest.xml:111:13-88
137            android:directBootAware="false"
137-->[androidx.work:work-runtime:2.7.1] AndroidManifest.xml:112:13-44
138            android:enabled="false"
138-->[androidx.work:work-runtime:2.7.1] AndroidManifest.xml:113:13-36
139            android:exported="false" >
139-->[androidx.work:work-runtime:2.7.1] AndroidManifest.xml:114:13-37
140            <intent-filter>
140-->[androidx.work:work-runtime:2.7.1] AndroidManifest.xml:116:13-120:29
141                <action android:name="android.intent.action.BOOT_COMPLETED" />
141-->[androidx.work:work-runtime:2.7.1] AndroidManifest.xml:117:17-79
141-->[androidx.work:work-runtime:2.7.1] AndroidManifest.xml:117:25-76
142                <action android:name="android.intent.action.TIME_SET" />
142-->[androidx.work:work-runtime:2.7.1] AndroidManifest.xml:118:17-73
142-->[androidx.work:work-runtime:2.7.1] AndroidManifest.xml:118:25-70
143                <action android:name="android.intent.action.TIMEZONE_CHANGED" />
143-->[androidx.work:work-runtime:2.7.1] AndroidManifest.xml:119:17-81
143-->[androidx.work:work-runtime:2.7.1] AndroidManifest.xml:119:25-78
144            </intent-filter>
145        </receiver>
146        <receiver
146-->[androidx.work:work-runtime:2.7.1] AndroidManifest.xml:122:9-131:20
147            android:name="androidx.work.impl.background.systemalarm.ConstraintProxyUpdateReceiver"
147-->[androidx.work:work-runtime:2.7.1] AndroidManifest.xml:123:13-99
148            android:directBootAware="false"
148-->[androidx.work:work-runtime:2.7.1] AndroidManifest.xml:124:13-44
149            android:enabled="@bool/enable_system_alarm_service_default"
149-->[androidx.work:work-runtime:2.7.1] AndroidManifest.xml:125:13-72
150            android:exported="false" >
150-->[androidx.work:work-runtime:2.7.1] AndroidManifest.xml:126:13-37
151            <intent-filter>
151-->[androidx.work:work-runtime:2.7.1] AndroidManifest.xml:128:13-130:29
152                <action android:name="androidx.work.impl.background.systemalarm.UpdateProxies" />
152-->[androidx.work:work-runtime:2.7.1] AndroidManifest.xml:129:17-98
152-->[androidx.work:work-runtime:2.7.1] AndroidManifest.xml:129:25-95
153            </intent-filter>
154        </receiver>
155        <receiver
155-->[androidx.work:work-runtime:2.7.1] AndroidManifest.xml:132:9-142:20
156            android:name="androidx.work.impl.diagnostics.DiagnosticsReceiver"
156-->[androidx.work:work-runtime:2.7.1] AndroidManifest.xml:133:13-78
157            android:directBootAware="false"
157-->[androidx.work:work-runtime:2.7.1] AndroidManifest.xml:134:13-44
158            android:enabled="true"
158-->[androidx.work:work-runtime:2.7.1] AndroidManifest.xml:135:13-35
159            android:exported="true"
159-->[androidx.work:work-runtime:2.7.1] AndroidManifest.xml:136:13-36
160            android:permission="android.permission.DUMP" >
160-->[androidx.work:work-runtime:2.7.1] AndroidManifest.xml:137:13-57
161            <intent-filter>
161-->[androidx.work:work-runtime:2.7.1] AndroidManifest.xml:139:13-141:29
162                <action android:name="androidx.work.diagnostics.REQUEST_DIAGNOSTICS" />
162-->[androidx.work:work-runtime:2.7.1] AndroidManifest.xml:140:17-88
162-->[androidx.work:work-runtime:2.7.1] AndroidManifest.xml:140:25-85
163            </intent-filter>
164        </receiver>
165
166        <service
166-->[androidx.room:room-runtime:2.5.0] AndroidManifest.xml:24:9-28:63
167            android:name="androidx.room.MultiInstanceInvalidationService"
167-->[androidx.room:room-runtime:2.5.0] AndroidManifest.xml:25:13-74
168            android:directBootAware="true"
168-->[androidx.room:room-runtime:2.5.0] AndroidManifest.xml:26:13-43
169            android:exported="false" />
169-->[androidx.room:room-runtime:2.5.0] AndroidManifest.xml:27:13-37
170    </application>
171
172</manifest>